*** Using Compiler 'V5.06 update 7 (build 960)', folder: 'E:\keep going\Keil\ARM\ARMCC\Bin'
Build target 'Target 1'
compiling hal_init.c...
compiling hal_led.c...
compiling hal_Gpio.c...
compiling hal_usart.c...
compiling hal_flash.c...
compiling hal_tftlcd.c...
compiling hal_timer.c...
compiling hal_wtn6.c...
compiling hal_al6630.c...
compiling hal_adc.c...
compiling hal_key.c...
compiling main.c...
compiling stm32f10x_it.c...
compiling system_stm32f10x.c...
compiling app_led.c...
compiling app_key.c...
compiling app_tftlcd.c...
compiling app_wifi.c...
compiling app_al6630.c...
compiling app_lora.c...
compiling misc.c...
compiling app_4g.c...
compiling app_battery.c...
compiling stm32f10x_adc.c...
compiling stm32f10x_bkp.c...
compiling stm32f10x_cec.c...
compiling stm32f10x_can.c...
compiling stm32f10x_crc.c...
compiling stm32f10x_dac.c...
compiling stm32f10x_dbgmcu.c...
compiling stm32f10x_dma.c...
compiling stm32f10x_exti.c...
compiling stm32f10x_fsmc.c...
compiling stm32f10x_flash.c...
compiling stm32f10x_gpio.c...
compiling stm32f10x_i2c.c...
compiling stm32f10x_iwdg.c...
compiling stm32f10x_pwr.c...
compiling stm32f10x_rcc.c...
compiling stm32f10x_rtc.c...
compiling stm32f10x_sdio.c...
compiling stm32f10x_spi.c...
compiling stm32f10x_tim.c...
compiling croutine.c...
compiling list.c...
compiling stm32f10x_usart.c...
compiling event_groups.c...
compiling timers.c...
compiling queue.c...
compiling stm32f10x_wwdg.c...
compiling tasks.c...
compiling heap_4.c...
compiling lcdfont.c...
compiling port.c...
compiling SysTick.c...
compiling system.c...
compiling mt_flash.c...
compiling Algorithm.c...
compiling mt_tftlcd.c...
compiling Test.c...
linking...
Program Size: Code=21980 RO-data=29780 RW-data=300 ZI-data=39468  
FromELF: creating hex file...
".\Objects\WG02.axf" - 0 Error(s), 0 Warning(s).
Build Time Elapsed:  00:00:14
